<?xml version="1.0" encoding="UTF-8"?>
<!-- Generated by org.testng.reporters.JUnitXMLReporter -->
<testsuite ignored="6" hostname="DESKTOP-KQLH99U" failures="1" tests="1" name="Default test" time="65.386" errors="0" timestamp="2024-02-01T23:49:12 IST">
  <testcase classname="testScripts.ProfessionalPageTest" name="ratingsCheckBox" time="24.255">
    <failure type="org.openqa.selenium.ElementClickInterceptedException" message="element click intercepted: Element &amp;lt;input type=&amp;quot;radio&amp;quot; id=&amp;quot;50&amp;quot; class=&amp;quot;sc-1pq6trr-1 gBqEvN  undefined&amp;quot;&amp;gt; is not clickable at point (94, 695). Other element would receive the click: &amp;lt;button type=&amp;quot;button&amp;quot; class=&amp;quot;sc-1qppj2g-0 ddtyTQ hui-btn sc-1i44dtr-0 ikCGdz sc-jCXOcT eZDPoF hz-lrf__accordion-item__header--collapsible hz-track-me&amp;quot; shape=&amp;quot;default&amp;quot; data-active=&amp;quot;false&amp;quot; data-loading=&amp;quot;false&amp;quot; aria-disabled=&amp;quot;false&amp;quot; aria-expanded=&amp;quot;true&amp;quot; aria-controls=&amp;quot;hui-collapsible-6-panel&amp;quot; id=&amp;quot;hui-collapsible-6-trigger&amp;quot; display=&amp;quot;flex&amp;quot; data-event-type=&amp;quot;Element Clicked&amp;quot; data-component=&amp;quot;Collapse&amp;quot;&amp;gt;...&amp;lt;/button&amp;gt;
  (Session info: chrome=121.0.6167.86)
Build info: version: &amp;apos;4.15.0&amp;apos;, revision: &amp;apos;1d14b5521b&amp;apos;
System info: os.name: &amp;apos;Windows 10&amp;apos;, os.arch: &amp;apos;amd64&amp;apos;, os.version: &amp;apos;10.0&amp;apos;, java.version: &amp;apos;21.0.2&amp;apos;
Driver info: org.openqa.selenium.chrome.ChromeDriver
Command: [083f622430fb71546ddab607c8168199, clickElement {id=AD05C3B695BAF2C780529145C7711367_element_124}]
Capabilities {acceptInsecureCerts: false, browserName: chrome, browserVersion: 121.0.6167.86, chrome: {chromedriverVersion: 121.0.6167.85 (3f98d690ad7e..., userDataDir: C:\Users\Admin\AppData\Loca...}, fedcm:accounts: true, goog:chromeOptions: {debuggerAddress: localhost:61086}, networkConnectionEnabled: false, pageLoadStrategy: normal, platformName: windows, proxy: Proxy(), se:cdp: ws://localhost:61086/devtoo..., se:cdpVersion: 121.0.6167.86, setWindowRect: true, strictFileInteractability: false, timeouts: {implicit: 0, pageLoad: 300000, script: 30000}, unhandledPromptBehavior: dismiss and notify, webauthn:extension:credBlob: true, webauthn:extension:largeBlob: true, webauthn:extension:minPinLength: true, webauthn:extension:prf: true, webauthn:virtualAuthenticators: true}
Element: [[ChromeDriver: chrome on windows (083f622430fb71546ddab607c8168199)] -&amp;gt; xpath: //h2[contains(.,&amp;apos;Rating&amp;apos;)]//ancestor::button//following-sibling::div//input]
Session ID: 083f622430fb71546ddab607c8168199">
      <![CDATA[org.openqa.selenium.ElementClickInterceptedException: element click intercepted: Element <input type="radio" id="50" class="sc-1pq6trr-1 gBqEvN  undefined"> is not clickable at point (94, 695). Other element would receive the click: <button type="button" class="sc-1qppj2g-0 ddtyTQ hui-btn sc-1i44dtr-0 ikCGdz sc-jCXOcT eZDPoF hz-lrf__accordion-item__header--collapsible hz-track-me" shape="default" data-active="false" data-loading="false" aria-disabled="false" aria-expanded="true" aria-controls="hui-collapsible-6-panel" id="hui-collapsible-6-trigger" display="flex" data-event-type="Element Clicked" data-component="Collapse">...</button>
  (Session info: chrome=121.0.6167.86)
Build info: version: '4.15.0', revision: '1d14b5521b'
System info: os.name: 'Windows 10', os.arch: 'amd64', os.version: '10.0', java.version: '21.0.2'
Driver info: org.openqa.selenium.chrome.ChromeDriver
Command: [083f622430fb71546ddab607c8168199, clickElement {id=AD05C3B695BAF2C780529145C7711367_element_124}]
Capabilities {acceptInsecureCerts: false, browserName: chrome, browserVersion: 121.0.6167.86, chrome: {chromedriverVersion: 121.0.6167.85 (3f98d690ad7e..., userDataDir: C:\Users\Admin\AppData\Loca...}, fedcm:accounts: true, goog:chromeOptions: {debuggerAddress: localhost:61086}, networkConnectionEnabled: false, pageLoadStrategy: normal, platformName: windows, proxy: Proxy(), se:cdp: ws://localhost:61086/devtoo..., se:cdpVersion: 121.0.6167.86, setWindowRect: true, strictFileInteractability: false, timeouts: {implicit: 0, pageLoad: 300000, script: 30000}, unhandledPromptBehavior: dismiss and notify, webauthn:extension:credBlob: true, webauthn:extension:largeBlob: true, webauthn:extension:minPinLength: true, webauthn:extension:prf: true, webauthn:virtualAuthenticators: true}
Element: [[ChromeDriver: chrome on windows (083f622430fb71546ddab607c8168199)] -> xpath: //h2[contains(.,'Rating')]//ancestor::button//following-sibling::div//input]
Session ID: 083f622430fb71546ddab607c8168199
at java.base/jdk.internal.reflect.DirectConstructorHandleAccessor.newInstance(DirectConstructorHandleAccessor.java:62)
at java.base/java.lang.reflect.Constructor.newInstanceWithCaller(Constructor.java:502)
at java.base/java.lang.reflect.Constructor.newInstance(Constructor.java:486)
at org.openqa.selenium.remote.codec.w3c.W3CHttpResponseCodec.createException(W3CHttpResponseCodec.java:200)
at org.openqa.selenium.remote.codec.w3c.W3CHttpResponseCodec.decode(W3CHttpResponseCodec.java:133)
at org.openqa.selenium.remote.codec.w3c.W3CHttpResponseCodec.decode(W3CHttpResponseCodec.java:52)
at org.openqa.selenium.remote.HttpCommandExecutor.execute(HttpCommandExecutor.java:191)
at org.openqa.selenium.remote.service.DriverCommandExecutor.invokeExecute(DriverCommandExecutor.java:200)
at org.openqa.selenium.remote.service.DriverCommandExecutor.execute(DriverCommandExecutor.java:175)
at org.openqa.selenium.remote.RemoteWebDriver.execute(RemoteWebDriver.java:607)
at org.openqa.selenium.remote.RemoteWebElement.execute(RemoteWebElement.java:224)
at org.openqa.selenium.remote.RemoteWebElement.click(RemoteWebElement.java:77)
at testScripts.ProfessionalPageTest.ratingsCheckBox(ProfessionalPageTest.java:127)
at java.base/jdk.internal.reflect.DirectMethodHandleAccessor.invoke(DirectMethodHandleAccessor.java:103)
at java.base/java.lang.reflect.Method.invoke(Method.java:580)
at org.testng.internal.invokers.MethodInvocationHelper.invokeMethod(MethodInvocationHelper.java:139)
at org.testng.internal.invokers.TestInvoker.invokeMethod(TestInvoker.java:664)
at org.testng.internal.invokers.TestInvoker.invokeTestMethod(TestInvoker.java:228)
at org.testng.internal.invokers.MethodRunner.runInSequence(MethodRunner.java:63)
at org.testng.internal.invokers.TestInvoker$MethodInvocationAgent.invoke(TestInvoker.java:961)
at org.testng.internal.invokers.TestInvoker.invokeTestMethods(TestInvoker.java:201)
at org.testng.internal.invokers.TestMethodWorker.invokeTestMethods(TestMethodWorker.java:148)
at org.testng.internal.invokers.TestMethodWorker.run(TestMethodWorker.java:128)
at java.base/java.util.ArrayList.forEach(ArrayList.java:1596)
at org.testng.TestRunner.privateRun(TestRunner.java:819)
at org.testng.TestRunner.run(TestRunner.java:619)
at org.testng.SuiteRunner.runTest(SuiteRunner.java:443)
at org.testng.SuiteRunner.runSequentially(SuiteRunner.java:437)
at org.testng.SuiteRunner.privateRun(SuiteRunner.java:397)
at org.testng.SuiteRunner.run(SuiteRunner.java:336)
at org.testng.SuiteRunnerWorker.runSuite(SuiteRunnerWorker.java:52)
at org.testng.SuiteRunnerWorker.run(SuiteRunnerWorker.java:95)
at org.testng.TestNG.runSuitesSequentially(TestNG.java:1301)
at org.testng.TestNG.runSuitesLocally(TestNG.java:1228)
at org.testng.TestNG.runSuites(TestNG.java:1134)
at org.testng.TestNG.run(TestNG.java:1101)
at org.testng.remote.AbstractRemoteTestNG.run(AbstractRemoteTestNG.java:115)
at org.testng.remote.RemoteTestNG.initAndRun(RemoteTestNG.java:251)
at org.testng.remote.RemoteTestNG.main(RemoteTestNG.java:77)
]]>
    </failure>
  </testcase> <!-- ratingsCheckBox -->
  <testcase classname="testScripts.ProfessionalPageTest" name="locationzipCode" time="0.0">
    <ignored/>
  </testcase> <!-- locationzipCode -->
  <testcase classname="testScripts.ProfessionalPageTest" name="openingPage" time="0.0">
    <ignored/>
  </testcase> <!-- openingPage -->
  <testcase classname="testScripts.ProfessionalPageTest" name="zipcodeTest" time="0.0">
    <ignored/>
  </testcase> <!-- zipcodeTest -->
  <testcase classname="testScripts.ProfessionalPageTest" name="ProfesionalCategoyDeselect" time="0.0">
    <ignored/>
  </testcase> <!-- ProfesionalCategoyDeselect -->
  <testcase classname="testScripts.ProfessionalPageTest" name="ProfesionalCategoryDropDown" time="0.0">
    <ignored/>
  </testcase> <!-- ProfesionalCategoryDropDown -->
  <testcase classname="testScripts.ProfessionalPageTest" name="locationByCity" time="0.0">
    <ignored/>
  </testcase> <!-- locationByCity -->
</testsuite> <!-- Default test -->
