<?xml version="1.0" encoding="UTF-8"?>
<testng-results ignored="0" total="1" passed="0" failed="1" skipped="0">
  <reporter-output>
  </reporter-output>
  <suite started-at="2024-02-01T23:48:06 IST" name="Default suite" finished-at="2024-02-01T23:49:12 IST" duration-ms="65386">
    <groups>
    </groups>
    <test started-at="2024-02-01T23:48:06 IST" name="Default test" finished-at="2024-02-01T23:49:12 IST" duration-ms="65386">
      <class name="testScripts.ProfessionalPageTest">
        <test-method is-config="true" signature="beforeSuite()[pri:0, instance:testScripts.ProfessionalPageTest@217ed35e]" started-at="2024-02-01T23:48:06 IST" name="beforeSuite" finished-at="2024-02-01T23:48:06 IST" duration-ms="14" status="PASS">
          <reporter-output>
          </reporter-output>
        </test-method> <!-- beforeSuite -->
        <test-method is-config="true" signature="beforeTest()[pri:0, instance:testScripts.ProfessionalPageTest@217ed35e]" started-at="2024-02-01T23:48:06 IST" name="beforeTest" finished-at="2024-02-01T23:48:06 IST" duration-ms="2" status="PASS">
          <reporter-output>
          </reporter-output>
        </test-method> <!-- beforeTest -->
        <test-method is-config="true" signature="beforeclass()[pri:0, instance:testScripts.ProfessionalPageTest@217ed35e]" started-at="2024-02-01T23:48:06 IST" name="beforeclass" finished-at="2024-02-01T23:48:23 IST" duration-ms="16250" status="PASS">
          <reporter-output>
          </reporter-output>
        </test-method> <!-- beforeclass -->
        <test-method is-config="true" signature="beforeMethod()[pri:0, instance:testScripts.ProfessionalPageTest@217ed35e]" started-at="2024-02-01T23:48:23 IST" name="beforeMethod" finished-at="2024-02-01T23:48:46 IST" duration-ms="23625" status="PASS">
          <reporter-output>
          </reporter-output>
        </test-method> <!-- beforeMethod -->
        <test-method signature="ratingsCheckBox()[pri:0, instance:testScripts.ProfessionalPageTest@217ed35e]" started-at="2024-02-01T23:48:46 IST" name="ratingsCheckBox" finished-at="2024-02-01T23:49:11 IST" duration-ms="24255" status="FAIL">
          <exception class="org.openqa.selenium.ElementClickInterceptedException">
            <message>
              <![CDATA[element click intercepted: Element <input type="radio" id="50" class="sc-1pq6trr-1 gBqEvN  undefined"> is not clickable at point (94, 695). Other element would receive the click: <button type="button" class="sc-1qppj2g-0 ddtyTQ hui-btn sc-1i44dtr-0 ikCGdz sc-jCXOcT eZDPoF hz-lrf__accordion-item__header--collapsible hz-track-me" shape="default" data-active="false" data-loading="false" aria-disabled="false" aria-expanded="true" aria-controls="hui-collapsible-6-panel" id="hui-collapsible-6-trigger" display="flex" data-event-type="Element Clicked" data-component="Collapse">...</button>
  (Session info: chrome=121.0.6167.86)
Build info: version: '4.15.0', revision: '1d14b5521b'
System info: os.name: 'Windows 10', os.arch: 'amd64', os.version: '10.0', java.version: '21.0.2'
Driver info: org.openqa.selenium.chrome.ChromeDriver
Command: [083f622430fb71546ddab607c8168199, clickElement {id=AD05C3B695BAF2C780529145C7711367_element_124}]
Capabilities {acceptInsecureCerts: false, browserName: chrome, browserVersion: 121.0.6167.86, chrome: {chromedriverVersion: 121.0.6167.85 (3f98d690ad7e..., userDataDir: C:\Users\Admin\AppData\Loca...}, fedcm:accounts: true, goog:chromeOptions: {debuggerAddress: localhost:61086}, networkConnectionEnabled: false, pageLoadStrategy: normal, platformName: windows, proxy: Proxy(), se:cdp: ws://localhost:61086/devtoo..., se:cdpVersion: 121.0.6167.86, setWindowRect: true, strictFileInteractability: false, timeouts: {implicit: 0, pageLoad: 300000, script: 30000}, unhandledPromptBehavior: dismiss and notify, webauthn:extension:credBlob: true, webauthn:extension:largeBlob: true, webauthn:extension:minPinLength: true, webauthn:extension:prf: true, webauthn:virtualAuthenticators: true}
Element: [[ChromeDriver: chrome on windows (083f622430fb71546ddab607c8168199)] -> xpath: //h2[contains(.,'Rating')]//ancestor::button//following-sibling::div//input]
Session ID: 083f622430fb71546ddab607c8168199]]>
            </message>
            <full-stacktrace>
              <![CDATA[org.openqa.selenium.ElementClickInterceptedException: element click intercepted: Element <input type="radio" id="50" class="sc-1pq6trr-1 gBqEvN  undefined"> is not clickable at point (94, 695). Other element would receive the click: <button type="button" class="sc-1qppj2g-0 ddtyTQ hui-btn sc-1i44dtr-0 ikCGdz sc-jCXOcT eZDPoF hz-lrf__accordion-item__header--collapsible hz-track-me" shape="default" data-active="false" data-loading="false" aria-disabled="false" aria-expanded="true" aria-controls="hui-collapsible-6-panel" id="hui-collapsible-6-trigger" display="flex" data-event-type="Element Clicked" data-component="Collapse">...</button>
  (Session info: chrome=121.0.6167.86)
Build info: version: '4.15.0', revision: '1d14b5521b'
System info: os.name: 'Windows 10', os.arch: 'amd64', os.version: '10.0', java.version: '21.0.2'
Driver info: org.openqa.selenium.chrome.ChromeDriver
Command: [083f622430fb71546ddab607c8168199, clickElement {id=AD05C3B695BAF2C780529145C7711367_element_124}]
Capabilities {acceptInsecureCerts: false, browserName: chrome, browserVersion: 121.0.6167.86, chrome: {chromedriverVersion: 121.0.6167.85 (3f98d690ad7e..., userDataDir: C:\Users\Admin\AppData\Loca...}, fedcm:accounts: true, goog:chromeOptions: {debuggerAddress: localhost:61086}, networkConnectionEnabled: false, pageLoadStrategy: normal, platformName: windows, proxy: Proxy(), se:cdp: ws://localhost:61086/devtoo..., se:cdpVersion: 121.0.6167.86, setWindowRect: true, strictFileInteractability: false, timeouts: {implicit: 0, pageLoad: 300000, script: 30000}, unhandledPromptBehavior: dismiss and notify, webauthn:extension:credBlob: true, webauthn:extension:largeBlob: true, webauthn:extension:minPinLength: true, webauthn:extension:prf: true, webauthn:virtualAuthenticators: true}
Element: [[ChromeDriver: chrome on windows (083f622430fb71546ddab607c8168199)] -> xpath: //h2[contains(.,'Rating')]//ancestor::button//following-sibling::div//input]
Session ID: 083f622430fb71546ddab607c8168199
at java.base/jdk.internal.reflect.DirectConstructorHandleAccessor.newInstance(DirectConstructorHandleAccessor.java:62)
at java.base/java.lang.reflect.Constructor.newInstanceWithCaller(Constructor.java:502)
at java.base/java.lang.reflect.Constructor.newInstance(Constructor.java:486)
at org.openqa.selenium.remote.codec.w3c.W3CHttpResponseCodec.createException(W3CHttpResponseCodec.java:200)
at org.openqa.selenium.remote.codec.w3c.W3CHttpResponseCodec.decode(W3CHttpResponseCodec.java:133)
at org.openqa.selenium.remote.codec.w3c.W3CHttpResponseCodec.decode(W3CHttpResponseCodec.java:52)
at org.openqa.selenium.remote.HttpCommandExecutor.execute(HttpCommandExecutor.java:191)
at org.openqa.selenium.remote.service.DriverCommandExecutor.invokeExecute(DriverCommandExecutor.java:200)
at org.openqa.selenium.remote.service.DriverCommandExecutor.execute(DriverCommandExecutor.java:175)
at org.openqa.selenium.remote.RemoteWebDriver.execute(RemoteWebDriver.java:607)
at org.openqa.selenium.remote.RemoteWebElement.execute(RemoteWebElement.java:224)
at org.openqa.selenium.remote.RemoteWebElement.click(RemoteWebElement.java:77)
at testScripts.ProfessionalPageTest.ratingsCheckBox(ProfessionalPageTest.java:127)
at java.base/jdk.internal.reflect.DirectMethodHandleAccessor.invoke(DirectMethodHandleAccessor.java:103)
at java.base/java.lang.reflect.Method.invoke(Method.java:580)
at org.testng.internal.invokers.MethodInvocationHelper.invokeMethod(MethodInvocationHelper.java:139)
at org.testng.internal.invokers.TestInvoker.invokeMethod(TestInvoker.java:664)
at org.testng.internal.invokers.TestInvoker.invokeTestMethod(TestInvoker.java:228)
at org.testng.internal.invokers.MethodRunner.runInSequence(MethodRunner.java:63)
at org.testng.internal.invokers.TestInvoker$MethodInvocationAgent.invoke(TestInvoker.java:961)
at org.testng.internal.invokers.TestInvoker.invokeTestMethods(TestInvoker.java:201)
at org.testng.internal.invokers.TestMethodWorker.invokeTestMethods(TestMethodWorker.java:148)
at org.testng.internal.invokers.TestMethodWorker.run(TestMethodWorker.java:128)
at java.base/java.util.ArrayList.forEach(ArrayList.java:1596)
at org.testng.TestRunner.privateRun(TestRunner.java:819)
at org.testng.TestRunner.run(TestRunner.java:619)
at org.testng.SuiteRunner.runTest(SuiteRunner.java:443)
at org.testng.SuiteRunner.runSequentially(SuiteRunner.java:437)
at org.testng.SuiteRunner.privateRun(SuiteRunner.java:397)
at org.testng.SuiteRunner.run(SuiteRunner.java:336)
at org.testng.SuiteRunnerWorker.runSuite(SuiteRunnerWorker.java:52)
at org.testng.SuiteRunnerWorker.run(SuiteRunnerWorker.java:95)
at org.testng.TestNG.runSuitesSequentially(TestNG.java:1301)
at org.testng.TestNG.runSuitesLocally(TestNG.java:1228)
at org.testng.TestNG.runSuites(TestNG.java:1134)
at org.testng.TestNG.run(TestNG.java:1101)
at org.testng.remote.AbstractRemoteTestNG.run(AbstractRemoteTestNG.java:115)
at org.testng.remote.RemoteTestNG.initAndRun(RemoteTestNG.java:251)
at org.testng.remote.RemoteTestNG.main(RemoteTestNG.java:77)
]]>
            </full-stacktrace>
          </exception> <!-- org.openqa.selenium.ElementClickInterceptedException -->
          <reporter-output>
          </reporter-output>
        </test-method> <!-- ratingsCheckBox -->
        <test-method is-config="true" signature="afterMethod()[pri:0, instance:testScripts.ProfessionalPageTest@217ed35e]" started-at="2024-02-01T23:49:11 IST" name="afterMethod" finished-at="2024-02-01T23:49:12 IST" duration-ms="1172" status="PASS">
          <reporter-output>
          </reporter-output>
        </test-method> <!-- afterMethod -->
        <test-method is-config="true" signature="afterClass()[pri:0, instance:testScripts.ProfessionalPageTest@217ed35e]" started-at="2024-02-01T23:49:12 IST" name="afterClass" finished-at="2024-02-01T23:49:12 IST" duration-ms="1" status="PASS">
          <reporter-output>
          </reporter-output>
        </test-method> <!-- afterClass -->
        <test-method is-config="true" signature="afterTest()[pri:0, instance:testScripts.ProfessionalPageTest@217ed35e]" started-at="2024-02-01T23:49:12 IST" name="afterTest" finished-at="2024-02-01T23:49:12 IST" duration-ms="1" status="PASS">
          <reporter-output>
          </reporter-output>
        </test-method> <!-- afterTest -->
        <test-method is-config="true" signature="AfterSuite()[pri:0, instance:testScripts.ProfessionalPageTest@217ed35e]" started-at="2024-02-01T23:49:12 IST" name="AfterSuite" finished-at="2024-02-01T23:49:12 IST" duration-ms="1" status="PASS">
          <reporter-output>
          </reporter-output>
        </test-method> <!-- AfterSuite -->
      </class> <!-- testScripts.ProfessionalPageTest -->
    </test> <!-- Default test -->
  </suite> <!-- Default suite -->
</testng-results>
