<?xml version="1.0" encoding="UTF-8"?>
<testng-results ignored="0" total="2" passed="2" failed="0" skipped="0">
  <reporter-output>
  </reporter-output>
  <suite started-at="2025-04-11T22:16:45 IST" name="Suite" finished-at="2025-04-11T22:19:17 IST" duration-ms="152692">
    <groups>
    </groups>
    <test started-at="2025-04-11T22:16:45 IST" name="Test" finished-at="2025-04-11T22:19:17 IST" duration-ms="152692">
      <class name="testScripts.CITet">
        <test-method is-config="true" signature="beforeSuite()[pri:0, instance:testScripts.CITet@2b71e916]" started-at="2025-04-11T22:16:45 IST" name="beforeSuite" finished-at="2025-04-11T22:16:45 IST" duration-ms="13" status="PASS">
          <reporter-output>
          </reporter-output>
        </test-method> <!-- beforeSuite -->
        <test-method is-config="true" signature="beforeTest()[pri:0, instance:testScripts.CITet@2b71e916]" started-at="2025-04-11T22:16:45 IST" name="beforeTest" finished-at="2025-04-11T22:16:45 IST" duration-ms="1" status="PASS">
          <reporter-output>
          </reporter-output>
        </test-method> <!-- beforeTest -->
        <test-method is-config="true" signature="beforeclass()[pri:0, instance:testScripts.CITet@2b71e916]" started-at="2025-04-11T22:16:45 IST" name="beforeclass" finished-at="2025-04-11T22:16:47 IST" duration-ms="2783" status="PASS">
          <reporter-output>
          </reporter-output>
        </test-method> <!-- beforeclass -->
        <test-method is-config="true" signature="beforeMethod()[pri:0, instance:testScripts.CITet@2b71e916]" started-at="2025-04-11T22:16:47 IST" name="beforeMethod" finished-at="2025-04-11T22:17:26 IST" duration-ms="38315" status="PASS">
          <reporter-output>
          </reporter-output>
        </test-method> <!-- beforeMethod -->
        <test-method signature="imgSave()[pri:0, instance:testScripts.CITet@2b71e916]" started-at="2025-04-11T22:17:26 IST" name="imgSave" finished-at="2025-04-11T22:17:57 IST" duration-ms="30872" status="PASS">
          <reporter-output>
          </reporter-output>
        </test-method> <!-- imgSave -->
        <test-method is-config="true" signature="afterMethod()[pri:0, instance:testScripts.CITet@2b71e916]" started-at="2025-04-11T22:17:57 IST" name="afterMethod" finished-at="2025-04-11T22:17:57 IST" duration-ms="433" status="PASS">
          <reporter-output>
          </reporter-output>
        </test-method> <!-- afterMethod -->
        <test-method is-config="true" signature="beforeMethod()[pri:0, instance:testScripts.CITet@2b71e916]" started-at="2025-04-11T22:17:57 IST" name="beforeMethod" finished-at="2025-04-11T22:18:44 IST" duration-ms="47148" status="PASS">
          <reporter-output>
          </reporter-output>
        </test-method> <!-- beforeMethod -->
        <test-method signature="faitetcae()[pri:1, instance:testScripts.CITet@2b71e916]" started-at="2025-04-11T22:18:44 IST" name="faitetcae" finished-at="2025-04-11T22:19:16 IST" duration-ms="32069" status="PASS">
          <reporter-output>
          </reporter-output>
        </test-method> <!-- faitetcae -->
        <test-method is-config="true" signature="afterMethod()[pri:0, instance:testScripts.CITet@2b71e916]" started-at="2025-04-11T22:19:16 IST" name="afterMethod" finished-at="2025-04-11T22:19:17 IST" duration-ms="641" status="PASS">
          <reporter-output>
          </reporter-output>
        </test-method> <!-- afterMethod -->
        <test-method is-config="true" signature="afterClass()[pri:0, instance:testScripts.CITet@2b71e916]" started-at="2025-04-11T22:19:17 IST" name="afterClass" finished-at="2025-04-11T22:19:17 IST" duration-ms="354" status="PASS">
          <reporter-output>
          </reporter-output>
        </test-method> <!-- afterClass -->
        <test-method is-config="true" signature="afterTest()[pri:0, instance:testScripts.CITet@2b71e916]" started-at="2025-04-11T22:19:17 IST" name="afterTest" finished-at="2025-04-11T22:19:17 IST" duration-ms="1" status="PASS">
          <reporter-output>
          </reporter-output>
        </test-method> <!-- afterTest -->
        <test-method is-config="true" signature="AfterSuite()[pri:0, instance:testScripts.CITet@2b71e916]" started-at="2025-04-11T22:19:18 IST" name="AfterSuite" finished-at="2025-04-11T22:19:18 IST" duration-ms="0" status="PASS">
          <reporter-output>
          </reporter-output>
        </test-method> <!-- AfterSuite -->
      </class> <!-- testScripts.CITet -->
    </test> <!-- Test -->
  </suite> <!-- Suite -->
</testng-results>
