<?xml version="1.0" encoding="UTF-8"?>
<testng-results ignored="0" total="2" passed="1" failed="1" skipped="0">
  <reporter-output>
  </reporter-output>
  <suite started-at="2025-04-10T13:04:59 IST" name="Suite" finished-at="2025-04-10T13:07:05 IST" duration-ms="125872">
    <groups>
    </groups>
    <test started-at="2025-04-10T13:04:59 IST" name="Test" finished-at="2025-04-10T13:07:05 IST" duration-ms="125872">
      <class name="testScripts.CITet">
        <test-method is-config="true" signature="beforeSuite()[pri:0, instance:testScripts.CITet@2b71e916]" started-at="2025-04-10T13:04:59 IST" name="beforeSuite" finished-at="2025-04-10T13:04:59 IST" duration-ms="12" status="PASS">
          <reporter-output>
          </reporter-output>
        </test-method> <!-- beforeSuite -->
        <test-method is-config="true" signature="beforeTest()[pri:0, instance:testScripts.CITet@2b71e916]" started-at="2025-04-10T13:04:59 IST" name="beforeTest" finished-at="2025-04-10T13:04:59 IST" duration-ms="0" status="PASS">
          <reporter-output>
          </reporter-output>
        </test-method> <!-- beforeTest -->
        <test-method is-config="true" signature="beforeclass()[pri:0, instance:testScripts.CITet@2b71e916]" started-at="2025-04-10T13:04:59 IST" name="beforeclass" finished-at="2025-04-10T13:05:06 IST" duration-ms="7255" status="PASS">
          <reporter-output>
          </reporter-output>
        </test-method> <!-- beforeclass -->
        <test-method is-config="true" signature="beforeMethod()[pri:0, instance:testScripts.CITet@2b71e916]" started-at="2025-04-10T13:05:06 IST" name="beforeMethod" finished-at="2025-04-10T13:05:36 IST" duration-ms="30029" status="PASS">
          <reporter-output>
          </reporter-output>
        </test-method> <!-- beforeMethod -->
        <test-method signature="imgSave()[pri:0, instance:testScripts.CITet@2b71e916]" started-at="2025-04-10T13:05:36 IST" name="imgSave" finished-at="2025-04-10T13:06:10 IST" duration-ms="34077" status="PASS">
          <reporter-output>
          </reporter-output>
        </test-method> <!-- imgSave -->
        <test-method is-config="true" signature="afterMethod()[pri:0, instance:testScripts.CITet@2b71e916]" started-at="2025-04-10T13:06:10 IST" name="afterMethod" finished-at="2025-04-10T13:06:11 IST" duration-ms="486" status="PASS">
          <reporter-output>
          </reporter-output>
        </test-method> <!-- afterMethod -->
        <test-method is-config="true" signature="beforeMethod()[pri:0, instance:testScripts.CITet@2b71e916]" started-at="2025-04-10T13:06:11 IST" name="beforeMethod" finished-at="2025-04-10T13:06:36 IST" duration-ms="25467" status="PASS">
          <reporter-output>
          </reporter-output>
        </test-method> <!-- beforeMethod -->
        <test-method signature="faitetcae()[pri:1, instance:testScripts.CITet@2b71e916]" started-at="2025-04-10T13:06:36 IST" name="faitetcae" finished-at="2025-04-10T13:07:04 IST" duration-ms="27349" status="FAIL">
          <exception class="java.lang.AssertionError">
            <message>
              <![CDATA[The following asserts failed:
expected [true] but found [false]]]>
            </message>
            <full-stacktrace>
              <![CDATA[java.lang.AssertionError: The following asserts failed:
expected [true] but found [false]
at org.testng.asserts.SoftAssert.assertAll(SoftAssert.java:47)
at org.testng.asserts.SoftAssert.assertAll(SoftAssert.java:31)
at testScripts.CITet.faitetcae(CITet.java:30)
at java.base/jdk.internal.reflect.DirectMethodHandleAccessor.invoke(DirectMethodHandleAccessor.java:103)
at java.base/java.lang.reflect.Method.invoke(Method.java:580)
at org.testng.internal.MethodInvocationHelper.invokeMethod(MethodInvocationHelper.java:133)
at org.testng.internal.TestInvoker.invokeMethod(TestInvoker.java:598)
at org.testng.internal.TestInvoker.invokeTestMethod(TestInvoker.java:173)
at org.testng.internal.MethodRunner.runInSequence(MethodRunner.java:46)
at org.testng.internal.TestInvoker$MethodInvocationAgent.invoke(TestInvoker.java:824)
at org.testng.internal.TestInvoker.invokeTestMethods(TestInvoker.java:146)
at org.testng.internal.TestMethodWorker.invokeTestMethods(TestMethodWorker.java:146)
at org.testng.internal.TestMethodWorker.run(TestMethodWorker.java:128)
at java.base/java.util.ArrayList.forEach(ArrayList.java:1597)
at org.testng.TestRunner.privateRun(TestRunner.java:794)
at org.testng.TestRunner.run(TestRunner.java:596)
at org.testng.SuiteRunner.runTest(SuiteRunner.java:377)
at org.testng.SuiteRunner.runSequentially(SuiteRunner.java:371)
at org.testng.SuiteRunner.privateRun(SuiteRunner.java:332)
at org.testng.SuiteRunner.run(SuiteRunner.java:276)
at org.testng.SuiteRunnerWorker.runSuite(SuiteRunnerWorker.java:53)
at org.testng.SuiteRunnerWorker.run(SuiteRunnerWorker.java:96)
at org.testng.TestNG.runSuitesSequentially(TestNG.java:1212)
at org.testng.TestNG.runSuitesLocally(TestNG.java:1134)
at org.testng.TestNG.runSuites(TestNG.java:1063)
at org.testng.TestNG.run(TestNG.java:1031)
at org.testng.remote.AbstractRemoteTestNG.run(AbstractRemoteTestNG.java:115)
at org.testng.remote.RemoteTestNG.initAndRun(RemoteTestNG.java:293)
at org.testng.remote.RemoteTestNG.main(RemoteTestNG.java:91)
]]>
            </full-stacktrace>
          </exception> <!-- java.lang.AssertionError -->
          <reporter-output>
          </reporter-output>
        </test-method> <!-- faitetcae -->
        <test-method is-config="true" signature="afterMethod()[pri:0, instance:testScripts.CITet@2b71e916]" started-at="2025-04-10T13:07:04 IST" name="afterMethod" finished-at="2025-04-10T13:07:04 IST" duration-ms="678" status="PASS">
          <reporter-output>
          </reporter-output>
        </test-method> <!-- afterMethod -->
        <test-method is-config="true" signature="afterClass()[pri:0, instance:testScripts.CITet@2b71e916]" started-at="2025-04-10T13:07:04 IST" name="afterClass" finished-at="2025-04-10T13:07:05 IST" duration-ms="432" status="PASS">
          <reporter-output>
          </reporter-output>
        </test-method> <!-- afterClass -->
        <test-method is-config="true" signature="afterTest()[pri:0, instance:testScripts.CITet@2b71e916]" started-at="2025-04-10T13:07:05 IST" name="afterTest" finished-at="2025-04-10T13:07:05 IST" duration-ms="0" status="PASS">
          <reporter-output>
          </reporter-output>
        </test-method> <!-- afterTest -->
        <test-method is-config="true" signature="AfterSuite()[pri:0, instance:testScripts.CITet@2b71e916]" started-at="2025-04-10T13:07:05 IST" name="AfterSuite" finished-at="2025-04-10T13:07:05 IST" duration-ms="0" status="PASS">
          <reporter-output>
          </reporter-output>
        </test-method> <!-- AfterSuite -->
      </class> <!-- testScripts.CITet -->
    </test> <!-- Test -->
  </suite> <!-- Suite -->
</testng-results>
