<?xml version="1.0" encoding="UTF-8"?>
<!-- Generated by org.testng.reporters.JUnitReportReporter -->
<testsuite hostname="DESKTOP-IKBM5A2" failures="0" tests="1" name="testScripts.Sample" time="11.705" errors="0" timestamp="2024-01-06T03:07:34 PST" skipped="0">
  <testcase classname="testScripts.Sample" name="rupa" time="11.705">
    <system-out>
      <![CDATA[Houzz Login: Sign in to Houzz]]>
    </system-out>
  </testcase> <!-- rupa -->
  <system-out>
    <![CDATA[Houzz Login: Sign in to Houzz]]>
  </system-out>
</testsuite> <!-- testScripts.Sample -->
